<?xml version="1.0" encoding="UTF-8"?>
<testsuite name="org.grobid.core.analyzers.GrobidDefaultAnalyzerTest" tests="2" skipped="0" failures="0" errors="0" timestamp="2021-12-30T09:00:23" hostname="vikhil-HP-Pavilion-Laptop-15-cs2xxx" time="0.023">
  <properties/>
  <testcase name="testTokenizeWithLayoutToken_emptyText" classname="org.grobid.core.analyzers.GrobidDefaultAnalyzerTest" time="0.018"/>
  <testcase name="testTokenizeWithLayoutToken" classname="org.grobid.core.analyzers.GrobidDefaultAnalyzerTest" time="0.004"/>
  <system-out><![CDATA[]]></system-out>
  <system-err><![CDATA[]]></system-err>
</testsuite>
