<?xml version="1.0" encoding="UTF-8"?>
<testsuite name="org.grobid.core.utilities.SHA1Test" tests="1" skipped="0" failures="0" errors="0" timestamp="2021-12-30T09:02:13" hostname="vikhil-HP-Pavilion-Laptop-15-cs2xxx" time="0.017">
  <properties/>
  <testcase name="testgetSHA1" classname="org.grobid.core.utilities.SHA1Test" time="0.017"/>
  <system-out><![CDATA[]]></system-out>
  <system-err><![CDATA[]]></system-err>
</testsuite>
