<?xml version="1.0" encoding="UTF-8"?>
<testsuite name="org.grobid.core.engines.DateParserIntegrationTest" tests="15" skipped="2" failures="0" errors="0" timestamp="2021-12-30T09:00:56" hostname="vikhil-HP-Pavilion-Laptop-15-cs2xxx" time="0.16">
  <properties/>
  <testcase name="processing_englishStandardDate_shouldWork" classname="org.grobid.core.engines.DateParserIntegrationTest" time="0.128"/>
  <testcase name="processing_englishStandardDate3_shouldWork" classname="org.grobid.core.engines.DateParserIntegrationTest" time="0.005"/>
  <testcase name="processing_englishStandardDate4_shouldWork" classname="org.grobid.core.engines.DateParserIntegrationTest" time="0.001">
    <skipped/>
  </testcase>
  <testcase name="processing_englishStandardDate5_shouldWork" classname="org.grobid.core.engines.DateParserIntegrationTest" time="0.006"/>
  <testcase name="processing_englishStandardDate6_shouldWork" classname="org.grobid.core.engines.DateParserIntegrationTest" time="0.0">
    <skipped/>
  </testcase>
  <testcase name="processing_englishStandardDate7_shouldWork" classname="org.grobid.core.engines.DateParserIntegrationTest" time="0.003"/>
  <testcase name="processing_englishStandardDate9_shouldWork" classname="org.grobid.core.engines.DateParserIntegrationTest" time="0.004"/>
  <testcase name="testTrainingExtraction_simpleDate1" classname="org.grobid.core.engines.DateParserIntegrationTest" time="0.002"/>
  <testcase name="testTrainingExtraction_simpleDate2" classname="org.grobid.core.engines.DateParserIntegrationTest" time="0.001"/>
  <testcase name="testTrainingExtraction_simpleDate3" classname="org.grobid.core.engines.DateParserIntegrationTest" time="0.002"/>
  <testcase name="processing_englishStandardDate1_shouldWork" classname="org.grobid.core.engines.DateParserIntegrationTest" time="0.002"/>
  <testcase name="testMayAndMarchOverlap_1" classname="org.grobid.core.engines.DateParserIntegrationTest" time="0.001"/>
  <testcase name="testMayAndMarchOverlap_2" classname="org.grobid.core.engines.DateParserIntegrationTest" time="0.001"/>
  <testcase name="testTrainingExtraction_emptyInput" classname="org.grobid.core.engines.DateParserIntegrationTest" time="0.0"/>
  <testcase name="processing_englishStandardDate2_shouldWork" classname="org.grobid.core.engines.DateParserIntegrationTest" time="0.001"/>
  <system-out><![CDATA[]]></system-out>
  <system-err><![CDATA[Dec 30, 2021 2:30:54 PM org.grobid.core.main.GrobidHomeFinder getGrobidHomePathOrLoadFromClasspath
WARNING: No Grobid property was provided. Attempting to find Grobid home in the current directory...
Dec 30, 2021 2:30:54 PM org.grobid.core.main.GrobidHomeFinder findGrobidHomeOrFail
WARNING: ***************************************************************
Dec 30, 2021 2:30:54 PM org.grobid.core.main.GrobidHomeFinder findGrobidHomeOrFail
WARNING: *** USING GROBID HOME: /home/vikhil/quickcompany/grobid/grobid-core/../grobid-home
Dec 30, 2021 2:30:54 PM org.grobid.core.main.GrobidHomeFinder findGrobidHomeOrFail
WARNING: ***************************************************************
Dec 30, 2021 2:30:54 PM org.grobid.core.main.GrobidHomeFinder findGrobidConfigOrFail
WARNING: Grobid config file location was not explicitly set via 'org.grobid.config' system variable, defaulting to: /home/vikhil/quickcompany/grobid/grobid-core/../grobid-home/config/grobid.yaml
Dec 30, 2021 2:30:55 PM org.grobid.core.main.LibraryLoader load
INFO: Loading external native sequence labelling library
Dec 30, 2021 2:30:55 PM org.grobid.core.main.LibraryLoader load
INFO: Loading Wapiti native library...
Dec 30, 2021 2:30:55 PM org.grobid.core.main.LibraryLoader load
INFO: Native library for sequence labelling loaded
Dec 30, 2021 2:30:55 PM org.grobid.core.lexicon.Lexicon initDictionary
INFO: Initiating dictionary
Dec 30, 2021 2:30:55 PM org.grobid.core.lexicon.Lexicon initDictionary
INFO: End of Initialization of dictionary
Dec 30, 2021 2:30:55 PM org.grobid.core.lexicon.Lexicon initNames
INFO: Initiating names
Dec 30, 2021 2:30:55 PM org.grobid.core.lexicon.Lexicon initNames
INFO: End of initialization of names
Dec 30, 2021 2:30:56 PM org.grobid.core.lexicon.Lexicon initCountryCodes
INFO: Initiating country codes
Dec 30, 2021 2:30:56 PM org.grobid.core.lexicon.Lexicon initCountryCodes
INFO: End of initialization of country codes
Dec 30, 2021 2:30:56 PM org.grobid.core.jni.WapitiModel init
INFO: Loading model: /home/vikhil/quickcompany/grobid/grobid-core/../grobid-home/models/date/model.wapiti (size: 102435)
]]></system-err>
</testsuite>
