<?xml version="1.0" encoding="UTF-8"?>
<testsuite name="org.grobid.core.sax.PDFALTOOutlineSaxHandlerTest" tests="2" skipped="0" failures="0" errors="0" timestamp="2021-12-30T09:00:24" hostname="vikhil-HP-Pavilion-Laptop-15-cs2xxx" time="0.366">
  <properties/>
  <testcase name="testParsing_pdf2XMLOutline_ShouldWork" classname="org.grobid.core.sax.PDFALTOOutlineSaxHandlerTest" time="0.361"/>
  <testcase name="testParsing_pdf2XMLOutline_errorcase_ShouldWork" classname="org.grobid.core.sax.PDFALTOOutlineSaxHandlerTest" time="0.004"/>
  <system-out><![CDATA[]]></system-out>
  <system-err><![CDATA[]]></system-err>
</testsuite>
