<?xml version="1.0" encoding="UTF-8"?>
<testsuite name="org.grobid.core.test.TestCitationParser" tests="4" skipped="1" failures="0" errors="0" timestamp="2021-12-30T09:02:42" hostname="vikhil-HP-Pavilion-Laptop-15-cs2xxx" time="10.823">
  <properties/>
  <testcase name="processingReferenceSection" classname="org.grobid.core.test.TestCitationParser" time="0.001">
    <skipped/>
  </testcase>
  <testcase name="testCitationParser1_withoutConsolidation" classname="org.grobid.core.test.TestCitationParser" time="10.788"/>
  <testcase name="testCitationParser5_withoutConsolidation" classname="org.grobid.core.test.TestCitationParser" time="0.018"/>
  <testcase name="testCitationParser2_withoutConsolidation" classname="org.grobid.core.test.TestCitationParser" time="0.014"/>
  <system-out><![CDATA[]]></system-out>
  <system-err><![CDATA[Dec 30, 2021 2:32:40 PM org.grobid.core.main.GrobidHomeFinder getGrobidHomePathOrLoadFromClasspath
WARNING: No Grobid property was provided. Attempting to find Grobid home in the current directory...
Dec 30, 2021 2:32:40 PM org.grobid.core.main.GrobidHomeFinder findGrobidHomeOrFail
WARNING: ***************************************************************
Dec 30, 2021 2:32:40 PM org.grobid.core.main.GrobidHomeFinder findGrobidHomeOrFail
WARNING: *** USING GROBID HOME: /home/vikhil/quickcompany/grobid/grobid-core/../grobid-home
Dec 30, 2021 2:32:40 PM org.grobid.core.main.GrobidHomeFinder findGrobidHomeOrFail
WARNING: ***************************************************************
Dec 30, 2021 2:32:40 PM org.grobid.core.main.GrobidHomeFinder findGrobidConfigOrFail
WARNING: Grobid config file location was not explicitly set via 'org.grobid.config' system variable, defaulting to: /home/vikhil/quickcompany/grobid/grobid-core/../grobid-home/config/grobid.yaml
Dec 30, 2021 2:32:41 PM org.grobid.core.main.LibraryLoader load
INFO: Loading external native sequence labelling library
Dec 30, 2021 2:32:41 PM org.grobid.core.main.LibraryLoader load
INFO: Loading Wapiti native library...
Dec 30, 2021 2:32:41 PM org.grobid.core.main.LibraryLoader load
INFO: Native library for sequence labelling loaded
Dec 30, 2021 2:32:41 PM org.grobid.core.lexicon.Lexicon initDictionary
INFO: Initiating dictionary
Dec 30, 2021 2:32:41 PM org.grobid.core.lexicon.Lexicon initDictionary
INFO: End of Initialization of dictionary
Dec 30, 2021 2:32:41 PM org.grobid.core.lexicon.Lexicon initNames
INFO: Initiating names
Dec 30, 2021 2:32:41 PM org.grobid.core.lexicon.Lexicon initNames
INFO: End of initialization of names
Dec 30, 2021 2:32:41 PM org.grobid.core.lexicon.Lexicon initCountryCodes
INFO: Initiating country codes
Dec 30, 2021 2:32:41 PM org.grobid.core.lexicon.Lexicon initCountryCodes
INFO: End of initialization of country codes
Dec 30, 2021 2:32:42 PM org.grobid.core.jni.WapitiModel init
INFO: Loading model: /home/vikhil/quickcompany/grobid/grobid-core/../grobid-home/models/citation/model.wapiti (size: 16865234)
Dec 30, 2021 2:32:52 PM org.grobid.core.jni.WapitiModel init
INFO: Loading model: /home/vikhil/quickcompany/grobid/grobid-core/../grobid-home/models/name/header/model.wapiti (size: 2524527)
Dec 30, 2021 2:32:52 PM org.grobid.core.jni.WapitiModel init
INFO: Loading model: /home/vikhil/quickcompany/grobid/grobid-core/../grobid-home/models/name/citation/model.wapiti (size: 440148)
Dec 30, 2021 2:32:53 PM org.grobid.core.jni.WapitiModel init
INFO: Loading model: /home/vikhil/quickcompany/grobid/grobid-core/../grobid-home/models/date/model.wapiti (size: 102435)
]]></system-err>
</testsuite>
