<?xml version="1.0" encoding="UTF-8"?>
<testsuite name="org.grobid.core.GrobidModelsTest" tests="2" skipped="0" failures="0" errors="0" timestamp="2021-12-30T09:04:16" hostname="vikhil-HP-Pavilion-Laptop-15-cs2xxx" time="0.019">
  <properties/>
  <testcase name="testGrobidModelsEnum_StandardModel_affiliation" classname="org.grobid.core.GrobidModelsTest" time="0.018"/>
  <testcase name="testGrobidModelsEnum_StandardModel_name" classname="org.grobid.core.GrobidModelsTest" time="0.0"/>
  <system-out><![CDATA[]]></system-out>
  <system-err><![CDATA[Dec 30, 2021 2:34:16 PM org.grobid.core.main.GrobidHomeFinder getGrobidHomePathOrLoadFromClasspath
WARNING: No Grobid property was provided. Attempting to find Grobid home in the current directory...
Dec 30, 2021 2:34:16 PM org.grobid.core.main.GrobidHomeFinder findGrobidHomeOrFail
WARNING: ***************************************************************
Dec 30, 2021 2:34:16 PM org.grobid.core.main.GrobidHomeFinder findGrobidHomeOrFail
WARNING: *** USING GROBID HOME: /home/vikhil/quickcompany/grobid/grobid-core/../grobid-home
Dec 30, 2021 2:34:16 PM org.grobid.core.main.GrobidHomeFinder findGrobidHomeOrFail
WARNING: ***************************************************************
Dec 30, 2021 2:34:16 PM org.grobid.core.main.GrobidHomeFinder findGrobidConfigOrFail
WARNING: Grobid config file location was not explicitly set via 'org.grobid.config' system variable, defaulting to: /home/vikhil/quickcompany/grobid/grobid-core/../grobid-home/config/grobid.yaml
]]></system-err>
</testsuite>
