<?xml version="1.0" encoding="UTF-8"?>
<testsuite name="org.grobid.core.test.TestNameParser" tests="2" skipped="0" failures="0" errors="0" timestamp="2021-12-30T09:02:56" hostname="vikhil-HP-Pavilion-Laptop-15-cs2xxx" time="0.606">
  <properties/>
  <testcase name="testNameParserHeader" classname="org.grobid.core.test.TestNameParser" time="0.599"/>
  <testcase name="testNameParserCitation" classname="org.grobid.core.test.TestNameParser" time="0.007"/>
  <system-out><![CDATA[]]></system-out>
  <system-err><![CDATA[Dec 30, 2021 2:32:54 PM org.grobid.core.main.GrobidHomeFinder getGrobidHomePathOrLoadFromClasspath
WARNING: No Grobid property was provided. Attempting to find Grobid home in the current directory...
Dec 30, 2021 2:32:54 PM org.grobid.core.main.GrobidHomeFinder findGrobidHomeOrFail
WARNING: ***************************************************************
Dec 30, 2021 2:32:54 PM org.grobid.core.main.GrobidHomeFinder findGrobidHomeOrFail
WARNING: *** USING GROBID HOME: /home/vikhil/quickcompany/grobid/grobid-core/../grobid-home
Dec 30, 2021 2:32:54 PM org.grobid.core.main.GrobidHomeFinder findGrobidHomeOrFail
WARNING: ***************************************************************
Dec 30, 2021 2:32:54 PM org.grobid.core.main.GrobidHomeFinder findGrobidConfigOrFail
WARNING: Grobid config file location was not explicitly set via 'org.grobid.config' system variable, defaulting to: /home/vikhil/quickcompany/grobid/grobid-core/../grobid-home/config/grobid.yaml
Dec 30, 2021 2:32:55 PM org.grobid.core.main.LibraryLoader load
INFO: Loading external native sequence labelling library
Dec 30, 2021 2:32:55 PM org.grobid.core.main.LibraryLoader load
INFO: Loading Wapiti native library...
Dec 30, 2021 2:32:55 PM org.grobid.core.main.LibraryLoader load
INFO: Native library for sequence labelling loaded
Dec 30, 2021 2:32:55 PM org.grobid.core.lexicon.Lexicon initDictionary
INFO: Initiating dictionary
Dec 30, 2021 2:32:55 PM org.grobid.core.lexicon.Lexicon initDictionary
INFO: End of Initialization of dictionary
Dec 30, 2021 2:32:55 PM org.grobid.core.lexicon.Lexicon initNames
INFO: Initiating names
Dec 30, 2021 2:32:55 PM org.grobid.core.lexicon.Lexicon initNames
INFO: End of initialization of names
Dec 30, 2021 2:32:56 PM org.grobid.core.lexicon.Lexicon initCountryCodes
INFO: Initiating country codes
Dec 30, 2021 2:32:56 PM org.grobid.core.lexicon.Lexicon initCountryCodes
INFO: End of initialization of country codes
Dec 30, 2021 2:32:56 PM org.grobid.core.jni.WapitiModel init
INFO: Loading model: /home/vikhil/quickcompany/grobid/grobid-core/../grobid-home/models/name/header/model.wapiti (size: 2524527)
Dec 30, 2021 2:32:56 PM org.grobid.core.jni.WapitiModel init
INFO: Loading model: /home/vikhil/quickcompany/grobid/grobid-core/../grobid-home/models/name/citation/model.wapiti (size: 440148)
]]></system-err>
</testsuite>
