<?xml version="1.0" encoding="UTF-8"?>
<testsuite name="org.grobid.core.utilities.IOUtilitiesTest" tests="1" skipped="0" failures="0" errors="0" timestamp="2021-12-30T09:02:18" hostname="vikhil-HP-Pavilion-Laptop-15-cs2xxx" time="0.03">
  <properties/>
  <testcase name="testwriteInFileANDreadFile" classname="org.grobid.core.utilities.IOUtilitiesTest" time="0.03"/>
  <system-out><![CDATA[]]></system-out>
  <system-err><![CDATA[]]></system-err>
</testsuite>
