<?xml version="1.0" encoding="UTF-8"?>
<testsuite name="org.grobid.core.lexicon.FastMatcherTest" tests="13" skipped="4" failures="0" errors="0" timestamp="2021-12-30T09:01:57" hostname="vikhil-HP-Pavilion-Laptop-15-cs2xxx" time="0.605">
  <properties/>
  <testcase name="testFastMatcher_InitFrom_GROBID_HOME" classname="org.grobid.core.lexicon.FastMatcherTest" time="0.575"/>
  <testcase name="testMatchList_location_1Match" classname="org.grobid.core.lexicon.FastMatcherTest" time="0.015"/>
  <testcase name="testMatchString_location" classname="org.grobid.core.lexicon.FastMatcherTest" time="0.0"/>
  <testcase name="testProcessToken_tabulation_shouldBecomeSpace" classname="org.grobid.core.lexicon.FastMatcherTest" time="0.0"/>
  <testcase name="testMatchList_location_2Matches" classname="org.grobid.core.lexicon.FastMatcherTest" time="0.001"/>
  <testcase name="testMatchStringWithTag_location" classname="org.grobid.core.lexicon.FastMatcherTest" time="0.0">
    <skipped/>
  </testcase>
  <testcase name="testProcessToken_noSpace_shouldReturnToken" classname="org.grobid.core.lexicon.FastMatcherTest" time="0.0"/>
  <testcase name="testMatchList_location_noMatch" classname="org.grobid.core.lexicon.FastMatcherTest" time="0.0">
    <skipped/>
  </testcase>
  <testcase name="testMatcherList_location" classname="org.grobid.core.lexicon.FastMatcherTest" time="0.007"/>
  <testcase name="testMatchStringOnlyTag_location_noMatch" classname="org.grobid.core.lexicon.FastMatcherTest" time="0.0">
    <skipped/>
  </testcase>
  <testcase name="testProcessToken_newLine_shouldBeIgnored" classname="org.grobid.core.lexicon.FastMatcherTest" time="0.001"/>
  <testcase name="testMatchStringAndTag_location_noMatch" classname="org.grobid.core.lexicon.FastMatcherTest" time="0.0">
    <skipped/>
  </testcase>
  <testcase name="testProcessToken_space_shouldReturnSpace" classname="org.grobid.core.lexicon.FastMatcherTest" time="0.0"/>
  <system-out><![CDATA[]]></system-out>
  <system-err><![CDATA[Dec 30, 2021 2:31:57 PM org.grobid.core.main.GrobidHomeFinder getGrobidHomePathOrLoadFromClasspath
WARNING: No Grobid property was provided. Attempting to find Grobid home in the current directory...
Dec 30, 2021 2:31:57 PM org.grobid.core.main.GrobidHomeFinder findGrobidHomeOrFail
WARNING: ***************************************************************
Dec 30, 2021 2:31:57 PM org.grobid.core.main.GrobidHomeFinder findGrobidHomeOrFail
WARNING: *** USING GROBID HOME: /home/vikhil/quickcompany/grobid/grobid-core/../grobid-home
Dec 30, 2021 2:31:57 PM org.grobid.core.main.GrobidHomeFinder findGrobidHomeOrFail
WARNING: ***************************************************************
Dec 30, 2021 2:31:57 PM org.grobid.core.main.GrobidHomeFinder findGrobidConfigOrFail
WARNING: Grobid config file location was not explicitly set via 'org.grobid.config' system variable, defaulting to: /home/vikhil/quickcompany/grobid/grobid-core/../grobid-home/config/grobid.yaml
]]></system-err>
</testsuite>
