<?xml version="1.0" encoding="UTF-8"?>
<testsuite name="org.grobid.core.engines.tagging.TaggerFactoryTest" tests="3" skipped="0" failures="0" errors="0" timestamp="2021-12-30T09:00:35" hostname="vikhil-HP-Pavilion-Laptop-15-cs2xxx" time="0.869">
  <properties/>
  <testcase name="testGetWapitiTagger_existingModel_shouldReturn" classname="org.grobid.core.engines.tagging.TaggerFactoryTest" time="0.854"/>
  <testcase name="testGetTagger_shouldReturnDummyTagger" classname="org.grobid.core.engines.tagging.TaggerFactoryTest" time="0.001"/>
  <testcase name="testGetDelftTagger_existingModel_shouldReturn" classname="org.grobid.core.engines.tagging.TaggerFactoryTest" time="0.013"/>
  <system-out><![CDATA[running thread: 14
]]></system-out>
  <system-err><![CDATA[Dec 30, 2021 2:30:35 PM org.grobid.core.main.LibraryLoader load
INFO: Loading external native sequence labelling library
Dec 30, 2021 2:30:35 PM org.grobid.core.main.GrobidHomeFinder getGrobidHomePathOrLoadFromClasspath
WARNING: No Grobid property was provided. Attempting to find Grobid home in the current directory...
Dec 30, 2021 2:30:35 PM org.grobid.core.main.GrobidHomeFinder findGrobidHomeOrFail
WARNING: ***************************************************************
Dec 30, 2021 2:30:35 PM org.grobid.core.main.GrobidHomeFinder findGrobidHomeOrFail
WARNING: *** USING GROBID HOME: /home/vikhil/quickcompany/grobid/grobid-core/../grobid-home
Dec 30, 2021 2:30:35 PM org.grobid.core.main.GrobidHomeFinder findGrobidHomeOrFail
WARNING: ***************************************************************
Dec 30, 2021 2:30:35 PM org.grobid.core.main.GrobidHomeFinder findGrobidConfigOrFail
WARNING: Grobid config file location was not explicitly set via 'org.grobid.config' system variable, defaulting to: /home/vikhil/quickcompany/grobid/grobid-core/../grobid-home/config/grobid.yaml
Dec 30, 2021 2:30:36 PM org.grobid.core.main.LibraryLoader load
INFO: Loading Wapiti native library...
Dec 30, 2021 2:30:36 PM org.grobid.core.main.LibraryLoader load
INFO: Native library for sequence labelling loaded
Dec 30, 2021 2:30:36 PM org.grobid.core.jni.WapitiModel init
INFO: Loading model: /home/vikhil/quickcompany/grobid/grobid-core/../grobid-home/models/date/model.wapiti (size: 102435)
Dec 30, 2021 2:30:36 PM org.grobid.core.jni.DeLFTModel <init>
INFO: Loading DeLFT model for header with architecture BidLSTM_CRF_FEATURES...
Dec 30, 2021 2:30:36 PM org.grobid.core.jni.JEPThreadPool getJEPInstance
INFO: Creating JEP instance for thread 17
Dec 30, 2021 2:30:36 PM org.grobid.core.jni.JEPThreadPool createJEPInstance
SEVERE: DeLFT installation path invalid, JEP initialization failed
org.grobid.core.exceptions.GrobidResourceException: [GENERAL] DeLFT installation path does not exist
	at org.grobid.core.jni.JEPThreadPool.getAndValidateDelftPath(JEPThreadPool.java:63)
	at org.grobid.core.jni.JEPThreadPool.createJEPInstance(JEPThreadPool.java:101)
	at org.grobid.core.jni.JEPThreadPool.getJEPInstance(JEPThreadPool.java:137)
	at org.grobid.core.jni.DeLFTModel$InitModel.run(DeLFTModel.java:53)
	at java.base/java.util.concurrent.Executors$RunnableAdapter.call(Executors.java:515)
	at java.base/java.util.concurrent.FutureTask.run(FutureTask.java:264)
	at java.base/java.util.concurrent.ThreadPoolExecutor.runWorker(ThreadPoolExecutor.java:1128)
	at java.base/java.util.concurrent.ThreadPoolExecutor$Worker.run(ThreadPoolExecutor.java:628)
	at java.base/java.lang.Thread.run(Thread.java:829)

]]></system-err>
</testsuite>
