<?xml version="1.0" encoding="UTF-8"?>
<testsuite name="org.grobid.core.utilities.counters.GrobidTimerTest" tests="3" skipped="0" failures="0" errors="0" timestamp="2021-12-30T09:02:16" hostname="vikhil-HP-Pavilion-Laptop-15-cs2xxx" time="0.003">
  <properties/>
  <testcase name="testGrobidTimerBoolConstructorTrue" classname="org.grobid.core.utilities.counters.GrobidTimerTest" time="0.002"/>
  <testcase name="testGrobidTimerEmptyConstructor" classname="org.grobid.core.utilities.counters.GrobidTimerTest" time="0.0"/>
  <testcase name="testGrobidTimerBoolConstructorFalse" classname="org.grobid.core.utilities.counters.GrobidTimerTest" time="0.0"/>
  <system-out><![CDATA[]]></system-out>
  <system-err><![CDATA[]]></system-err>
</testsuite>
