<?xml version="1.0" encoding="UTF-8"?>
<testsuite name="org.grobid.core.factory.GrobidPoolingFactoryTest" tests="1" skipped="0" failures="0" errors="0" timestamp="2021-12-30T09:01:59" hostname="vikhil-HP-Pavilion-Laptop-15-cs2xxx" time="0.002">
  <properties/>
  <testcase name="testnewPoolInstance" classname="org.grobid.core.factory.GrobidPoolingFactoryTest" time="0.002"/>
  <system-out><![CDATA[]]></system-out>
  <system-err><![CDATA[]]></system-err>
</testsuite>
