<?xml version="1.0" encoding="UTF-8"?>
<testsuite name="org.grobid.core.data.EmailSanitizerTest" tests="1" skipped="0" failures="0" errors="0" timestamp="2021-12-30T09:00:17" hostname="vikhil-HP-Pavilion-Laptop-15-cs2xxx" time="0.037">
  <properties/>
  <testcase name="testEmailSanitizer" classname="org.grobid.core.data.EmailSanitizerTest" time="0.037"/>
  <system-out><![CDATA[]]></system-out>
  <system-err><![CDATA[]]></system-err>
</testsuite>
