<?xml version="1.0" encoding="UTF-8"?>
<testsuite name="org.grobid.core.transformation.xslt.JatsTransformerTest" tests="2" skipped="2" failures="0" errors="0" timestamp="2021-12-30T09:01:33" hostname="vikhil-HP-Pavilion-Laptop-15-cs2xxx" time="0.001">
  <properties/>
  <testcase name="testTransform_teiFulltext" classname="org.grobid.core.transformation.xslt.JatsTransformerTest" time="0.0">
    <skipped/>
  </testcase>
  <testcase name="testTransform_teiHeader" classname="org.grobid.core.transformation.xslt.JatsTransformerTest" time="0.0">
    <skipped/>
  </testcase>
  <system-out><![CDATA[]]></system-out>
  <system-err><![CDATA[]]></system-err>
</testsuite>
