<?xml version="1.0" encoding="UTF-8"?>
<testsuite name="org.grobid.core.engines.AffiliationAddressParserTest" tests="5" skipped="0" failures="0" errors="0" timestamp="2021-12-30T09:00:52" hostname="vikhil-HP-Pavilion-Laptop-15-cs2xxx" time="1.157">
  <properties/>
  <testcase name="shouldExtractSecondInstitutionAsSeparateAffiliationIfNewLine" classname="org.grobid.core.engines.AffiliationAddressParserTest" time="1.151"/>
  <testcase name="shouldExtractMultipleInstitutions" classname="org.grobid.core.engines.AffiliationAddressParserTest" time="0.001"/>
  <testcase name="shouldExtractMultipleAffiliations" classname="org.grobid.core.engines.AffiliationAddressParserTest" time="0.001"/>
  <testcase name="shouldExtractSimpleAffiliation" classname="org.grobid.core.engines.AffiliationAddressParserTest" time="0.001"/>
  <testcase name="shouldNotFailOnEmptyLabelResult" classname="org.grobid.core.engines.AffiliationAddressParserTest" time="0.001"/>
  <system-out><![CDATA[]]></system-out>
  <system-err><![CDATA[Dec 30, 2021 2:30:51 PM org.grobid.core.main.LibraryLoader load
INFO: Loading external native sequence labelling library
Dec 30, 2021 2:30:51 PM org.grobid.core.main.GrobidHomeFinder getGrobidHomePathOrLoadFromClasspath
WARNING: No Grobid property was provided. Attempting to find Grobid home in the current directory...
Dec 30, 2021 2:30:51 PM org.grobid.core.main.GrobidHomeFinder findGrobidHomeOrFail
WARNING: ***************************************************************
Dec 30, 2021 2:30:51 PM org.grobid.core.main.GrobidHomeFinder findGrobidHomeOrFail
WARNING: *** USING GROBID HOME: /home/vikhil/quickcompany/grobid/grobid-core/../grobid-home
Dec 30, 2021 2:30:51 PM org.grobid.core.main.GrobidHomeFinder findGrobidHomeOrFail
WARNING: ***************************************************************
Dec 30, 2021 2:30:51 PM org.grobid.core.main.GrobidHomeFinder findGrobidConfigOrFail
WARNING: Grobid config file location was not explicitly set via 'org.grobid.config' system variable, defaulting to: /home/vikhil/quickcompany/grobid/grobid-core/../grobid-home/config/grobid.yaml
Dec 30, 2021 2:30:52 PM org.grobid.core.main.LibraryLoader load
INFO: Loading Wapiti native library...
Dec 30, 2021 2:30:52 PM org.grobid.core.main.LibraryLoader load
INFO: Native library for sequence labelling loaded
Dec 30, 2021 2:30:52 PM org.grobid.core.jni.WapitiModel init
INFO: Loading model: /home/vikhil/quickcompany/grobid/grobid-core/../grobid-home/models/affiliation-address/model.wapiti (size: 2766570)
Dec 30, 2021 2:30:52 PM org.grobid.core.lexicon.Lexicon initDictionary
INFO: Initiating dictionary
Dec 30, 2021 2:30:52 PM org.grobid.core.lexicon.Lexicon initDictionary
INFO: End of Initialization of dictionary
Dec 30, 2021 2:30:52 PM org.grobid.core.lexicon.Lexicon initNames
INFO: Initiating names
Dec 30, 2021 2:30:52 PM org.grobid.core.lexicon.Lexicon initNames
INFO: End of initialization of names
Dec 30, 2021 2:30:53 PM org.grobid.core.lexicon.Lexicon initCountryCodes
INFO: Initiating country codes
Dec 30, 2021 2:30:53 PM org.grobid.core.lexicon.Lexicon initCountryCodes
INFO: End of initialization of country codes
]]></system-err>
</testsuite>
