<?xml version="1.0" encoding="UTF-8"?>
<testsuite name="org.grobid.core.data.AuthorEmailAssignerTest" tests="1" skipped="0" failures="0" errors="0" timestamp="2021-12-30T09:00:22" hostname="vikhil-HP-Pavilion-Laptop-15-cs2xxx" time="0.023">
  <properties/>
  <testcase name="testEmailAssignment" classname="org.grobid.core.data.AuthorEmailAssignerTest" time="0.023"/>
  <system-out><![CDATA[[Jalal Al-Muhtadi  (email:almuhtad@uiuc.edu), Manish Anand  (email:manand@uiuc.edu), M. Dennis Mickunas, Roy Campbell]
]]></system-out>
  <system-err><![CDATA[]]></system-err>
</testsuite>
