<?xml version="1.0" encoding="UTF-8"?>
<testsuite name="org.grobid.core.engines.DateParserTest" tests="16" skipped="0" failures="0" errors="0" timestamp="2021-12-30T09:00:50" hostname="vikhil-HP-Pavilion-Laptop-15-cs2xxx" time="0.874">
  <properties/>
  <testcase name="testPostValidation_invalidYear2_onlyString_shouldSetNull" classname="org.grobid.core.engines.DateParserTest" time="0.569"/>
  <testcase name="testPostValidation_invalidYear_onlyString_shouldSetNull" classname="org.grobid.core.engines.DateParserTest" time="0.002"/>
  <testcase name="testNormalize_yearContainsWholeDate_shouldReconstructCorrectly" classname="org.grobid.core.engines.DateParserTest" time="0.005"/>
  <testcase name="testNormalize_dayContainsWholeDate_shouldReturnEmptyDate" classname="org.grobid.core.engines.DateParserTest" time="0.002"/>
  <testcase name="testNormalize_monthContainsWholeDate_shouldReturnEmptyDate" classname="org.grobid.core.engines.DateParserTest" time="0.002"/>
  <testcase name="testNormalize_yearOnly_validValue_shouldParseYearCorrectly" classname="org.grobid.core.engines.DateParserTest" time="0.003"/>
  <testcase name="testNormalize_wholeDate_invalidYearValue_shouldRemoveValue" classname="org.grobid.core.engines.DateParserTest" time="0.002"/>
  <testcase name="testNormalize_monthOnly_validValue_shouldParseMonthCorrectly" classname="org.grobid.core.engines.DateParserTest" time="0.002"/>
  <testcase name="testNormalize_wholeDate_invalidMonthValue_shouldRemoveValue" classname="org.grobid.core.engines.DateParserTest" time="0.003"/>
  <testcase name="testNormalize_dayOnly_validValue_shouldParseDayCorrectly" classname="org.grobid.core.engines.DateParserTest" time="0.002"/>
  <testcase name="testNormalize_wholeDate_invalidDayValue_shouldRemoveValue" classname="org.grobid.core.engines.DateParserTest" time="0.002"/>
  <testcase name="testResultExtraction_StandardDate_shouldWork" classname="org.grobid.core.engines.DateParserTest" time="0.252"/>
  <testcase name="testResultExtraction_DoubleDate_shouldWork" classname="org.grobid.core.engines.DateParserTest" time="0.01"/>
  <testcase name="testPostValidation_invalidYear_bothStringAndInt_shouldSetNull" classname="org.grobid.core.engines.DateParserTest" time="0.001"/>
  <testcase name="testPostValidation_invalidMonth_bothStringAndInt_shouldSetNull" classname="org.grobid.core.engines.DateParserTest" time="0.001"/>
  <testcase name="testPostValidation_invalidDay_bothStringAndInt_shouldSetNull" classname="org.grobid.core.engines.DateParserTest" time="0.004"/>
  <system-out><![CDATA[]]></system-out>
  <system-err><![CDATA[]]></system-err>
</testsuite>
