<?xml version="1.0" encoding="UTF-8"?>
<testsuite name="org.grobid.core.engines.EngineTest" tests="11" skipped="11" failures="0" errors="0" timestamp="2021-12-30T09:00:45" hostname="vikhil-HP-Pavilion-Laptop-15-cs2xxx" time="0.002">
  <properties/>
  <testcase name="testGetNewModel" classname="org.grobid.core.engines.EngineTest" time="0.001">
    <skipped/>
  </testcase>
  <testcase name="testPDF" classname="org.grobid.core.engines.EngineTest" time="0.0">
    <skipped/>
  </testcase>
  <testcase name="testFulltexts" classname="org.grobid.core.engines.EngineTest" time="0.0">
    <skipped/>
  </testcase>
  <testcase name="visualizeCitations" classname="org.grobid.core.engines.EngineTest" time="0.0">
    <skipped/>
  </testcase>
  <testcase name="testMultiThreading" classname="org.grobid.core.engines.EngineTest" time="0.0">
    <skipped/>
  </testcase>
  <testcase name="testDateParser" classname="org.grobid.core.engines.EngineTest" time="0.0">
    <skipped/>
  </testcase>
  <testcase name="testHeaders" classname="org.grobid.core.engines.EngineTest" time="0.0">
    <skipped/>
  </testcase>
  <testcase name="testSegmentation" classname="org.grobid.core.engines.EngineTest" time="0.0">
    <skipped/>
  </testcase>
  <testcase name="extractCitationsFromPDF" classname="org.grobid.core.engines.EngineTest" time="0.0">
    <skipped/>
  </testcase>
  <testcase name="testWapiti" classname="org.grobid.core.engines.EngineTest" time="0.0">
    <skipped/>
  </testcase>
  <testcase name="testFulltext" classname="org.grobid.core.engines.EngineTest" time="0.0">
    <skipped/>
  </testcase>
  <system-out><![CDATA[]]></system-out>
  <system-err><![CDATA[]]></system-err>
</testsuite>
