<?xml version="1.0" encoding="UTF-8"?>
<testsuite name="org.grobid.core.sax.CrossrefUnixrefSaxParserTest" tests="2" skipped="0" failures="0" errors="0" timestamp="2021-12-30T09:00:29" hostname="vikhil-HP-Pavilion-Laptop-15-cs2xxx" time="0.161">
  <properties/>
  <testcase name="testParseCrossrefDoi" classname="org.grobid.core.sax.CrossrefUnixrefSaxParserTest" time="0.155"/>
  <testcase name="testParseCrossrefDoi_References" classname="org.grobid.core.sax.CrossrefUnixrefSaxParserTest" time="0.004"/>
  <system-out><![CDATA[]]></system-out>
  <system-err><![CDATA[Dec 30, 2021 2:30:28 PM org.grobid.core.main.LibraryLoader load
INFO: Loading external native sequence labelling library
Dec 30, 2021 2:30:28 PM org.grobid.core.main.GrobidHomeFinder getGrobidHomePathOrLoadFromClasspath
WARNING: No Grobid property was provided. Attempting to find Grobid home in the current directory...
Dec 30, 2021 2:30:28 PM org.grobid.core.main.GrobidHomeFinder findGrobidHomeOrFail
WARNING: ***************************************************************
Dec 30, 2021 2:30:28 PM org.grobid.core.main.GrobidHomeFinder findGrobidHomeOrFail
WARNING: *** USING GROBID HOME: /home/vikhil/quickcompany/grobid/grobid-core/../grobid-home
Dec 30, 2021 2:30:28 PM org.grobid.core.main.GrobidHomeFinder findGrobidHomeOrFail
WARNING: ***************************************************************
Dec 30, 2021 2:30:28 PM org.grobid.core.main.GrobidHomeFinder findGrobidConfigOrFail
WARNING: Grobid config file location was not explicitly set via 'org.grobid.config' system variable, defaulting to: /home/vikhil/quickcompany/grobid/grobid-core/../grobid-home/config/grobid.yaml
Dec 30, 2021 2:30:29 PM org.grobid.core.main.LibraryLoader load
INFO: Loading Wapiti native library...
Dec 30, 2021 2:30:29 PM org.grobid.core.main.LibraryLoader load
INFO: Native library for sequence labelling loaded
]]></system-err>
</testsuite>
